<?xml version="1.0" encoding="utf-8"?><testsuites name="pytest tests"><testsuite name="pytest" errors="0" failures="0" skipped="0" tests="18" time="3.543" timestamp="2026-06-22T06:40:39.207711+00:00" hostname="agent-env-e26b7de2-565c-4ac0-ad40-b75ee172d03e"><testcase classname="backend.tests.test_iteration2_roles_export" name="test_me_returns_role_and_active_supervisor" time="0.453" /><testcase classname="backend.tests.test_iteration2_roles_export" name="test_me_returns_role_and_active_inspector" time="0.347" /><testcase classname="backend.tests.test_iteration2_roles_export" name="test_users_list_supervisor_200" time="0.041" /><testcase classname="backend.tests.test_iteration2_roles_export" name="test_users_list_inspector_403" time="0.050" /><testcase classname="backend.tests.test_iteration2_roles_export" name="test_create_inspector_by_supervisor" time="0.268" /><testcase classname="backend.tests.test_iteration2_roles_export" name="test_create_inspector_by_inspector_403" time="0.042" /><testcase classname="backend.tests.test_iteration2_roles_export" name="test_supervisor_cannot_deactivate_self" time="0.082" /><testcase classname="backend.tests.test_iteration2_roles_export" name="test_toggle_active_and_deactivated_login_blocked" time="1.578" /><testcase classname="backend.tests.test_iteration2_roles_export" name="test_inspections_scope_all_supervisor" time="0.081" /><testcase classname="backend.tests.test_iteration2_roles_export" name="test_inspections_scope_all_inspector_403" time="0.053" /><testcase classname="backend.tests.test_iteration2_roles_export" name="test_supervisor_can_get_any_inspection" time="0.041" /><testcase classname="backend.tests.test_iteration2_roles_export" name="test_inspector_404_on_not_owner" time="0.083" /><testcase classname="backend.tests.test_iteration2_roles_export" name="test_approve_inspection" time="0.082" /><testcase classname="backend.tests.test_iteration2_roles_export" name="test_reject_inspection" time="0.079" /><testcase classname="backend.tests.test_iteration2_roles_export" name="test_approve_by_inspector_403" time="0.048" /><testcase classname="backend.tests.test_iteration2_roles_export" name="test_export_summary_mine" time="0.039" /><testcase classname="backend.tests.test_iteration2_roles_export" name="test_export_detailed_all_supervisor" time="0.043" /><testcase classname="backend.tests.test_iteration2_roles_export" name="test_export_detailed_all_inspector_403" time="0.040" /></testsuite></testsuites>