<?xml version="1.0" encoding="utf-8"?><testsuites name="pytest tests"><testsuite name="pytest" errors="0" failures="0" skipped="0" tests="13" time="2.149" timestamp="2026-06-22T06:12:59.281740+00:00" hostname="agent-env-e26b7de2-565c-4ac0-ad40-b75ee172d03e"><testcase classname="backend.tests.test_naf_inspections" name="test_root" time="0.210" /><testcase classname="backend.tests.test_naf_inspections" name="test_register_duplicate_returns_400" time="0.327" /><testcase classname="backend.tests.test_naf_inspections" name="test_register_new_user" time="0.263" /><testcase classname="backend.tests.test_naf_inspections" name="test_login_success" time="0.302" /><testcase classname="backend.tests.test_naf_inspections" name="test_login_wrong_password" time="0.262" /><testcase classname="backend.tests.test_naf_inspections" name="test_me_with_token" time="0.041" /><testcase classname="backend.tests.test_naf_inspections" name="test_me_without_token" time="0.042" /><testcase classname="backend.tests.test_naf_inspections" name="test_inspections_list_without_token" time="0.039" /><testcase classname="backend.tests.test_naf_inspections" name="test_create_inspection_status_bueno" time="0.092" /><testcase classname="backend.tests.test_naf_inspections" name="test_create_inspection_status_malo" time="0.039" /><testcase classname="backend.tests.test_naf_inspections" name="test_list_inspections_sorted_desc" time="0.040" /><testcase classname="backend.tests.test_naf_inspections" name="test_get_inspection_not_owner_returns_404" time="0.342" /><testcase classname="backend.tests.test_naf_inspections" name="test_offline_dedup_client_uuid" time="0.080" /></testsuite></testsuites>